Arguments: 
  /usr/local/bin/node /opt/yarn-v1.22.19/bin/yarn.js install

PATH: 
  /usr/local/share/nvm/current/bin:/usr/local/share/npm-global/bin:/usr/local/sbin:/usr/local/bin:/usr/sbin:/usr/bin:/sbin:/bin

Yarn version: 
  1.22.19

Node version: 
  20.8.0

Platform: 
  linux x64

Trace: 
  SyntaxError: /root/.cache/yarn/v6/npm-array-prototype-findlastindex-1.2.3-b37598438f97b579166940814e2c0493a4f50207-integrity/node_modules/array.prototype.findlastindex/.yarn-metadata.json: Unexpected end of JSON input
      at JSON.parse (<anonymous>)
      at /opt/yarn-v1.22.19/lib/cli.js:1629:59
      at Generator.next (<anonymous>)
      at step (/opt/yarn-v1.22.19/lib/cli.js:310:30)
      at /opt/yarn-v1.22.19/lib/cli.js:321:13

npm manifest: 
  {
    "name": "student-management-app",
    "version": "1.0.0",
    "description": "",
    "keywords": [],
    "main": "src/index.js",
    "dependencies": {
      "@reduxjs/toolkit": "1.9.7",
      "axios": "1.5.1",
      "csbbust": "1.0.1",
      "loader-utils": "3.2.1",
      "react": "18.2.0",
      "react-dom": "18.2.0",
      "react-hot-toast": "2.4.1",
      "react-redux": "8.1.3",
      "react-router-dom": "6.17.0",
      "react-scripts": "5.0.1"
    },
    "devDependencies": {
      "@babel/runtime": "7.13.8",
      "typescript": "4.1.3"
    },
    "scripts": {
      "start": "react-scripts start",
      "build": "react-scripts build",
      "test": "react-scripts test --env=jsdom",
      "eject": "react-scripts eject"
    },
    "browserslist": [
      ">0.2%",
      "not dead",
      "not ie <= 11",
      "not op_mini all"
    ]
  }

yarn manifest: 
  No manifest

Lockfile: 
  No lockfile
